This file contains any messages produced by compilers while
running configure, to aid debugging if configure makes a mistake.

It was created by LHAPDF configure 5.9.1, which was
generated by GNU Autoconf 2.69.  Invocation command line was

  $ ./configure --no-create --no-recursion

## --------- ##
## Platform. ##
## --------- ##

hostname = login03
uname -m = x86_64
uname -r = 5.14.21-150400.24.81_12.0.87-cray_shasta_c
uname -s = Linux
uname -v = #1 SMP Thu Jan 11 20:03:21 UTC 2024 (e30c7c1)

/usr/bin/uname -p = x86_64
/bin/uname -X     = unknown

/bin/arch              = x86_64
/usr/bin/arch -k       = unknown
/usr/convex/getsysinfo = unknown
/usr/bin/hostinfo      = unknown
/bin/machine           = unknown
/usr/bin/oslevel       = unknown
/bin/universe          = unknown

PATH: /opt/nersc/pe/bin
PATH: /global/common/software/nersc/bin
PATH: /opt/nvidia/hpc_sdk/Linux_x86_64/23.9/cuda/12.2/compute-sanitizer
PATH: /opt/nvidia/hpc_sdk/Linux_x86_64/23.9/cuda/12.2/bin
PATH: /opt/nvidia/hpc_sdk/Linux_x86_64/23.9/cuda/12.2/libnvvp
PATH: /opt/nvidia/hpc_sdk/Linux_x86_64/23.9/profilers/Nsight_Compute
PATH: /opt/nvidia/hpc_sdk/Linux_x86_64/23.9/profilers/Nsight_Systems/bin
PATH: /opt/cray/pe/perftools/23.12.0/bin
PATH: /opt/cray/pe/papi/7.0.1.2/bin
PATH: /opt/cray/pe/craype/2.7.30/bin
PATH: /opt/cray/pe/mpich/8.1.28/ofi/gnu/12.3/bin
PATH: /opt/cray/pe/mpich/8.1.28/bin
PATH: /opt/cray/libfabric/1.15.2.0/bin
PATH: /usr/local/bin
PATH: /usr/bin
PATH: /bin
PATH: /usr/lib/mit/bin
PATH: /opt/cray/pe/bin


## ----------- ##
## Core tests. ##
## ----------- ##

configure:2632: checking for a BSD-compatible install
configure:2700: result: /usr/bin/install -c
configure:2711: checking whether build environment is sane
configure:2748: result: yes
configure:2773: checking for a thread-safe mkdir -p
configure:2812: result: /usr/bin/mkdir -p
configure:2825: checking for gawk
configure:2841: found /usr/bin/gawk
configure:2852: result: gawk
configure:2863: checking whether make sets $(MAKE)
configure:2885: result: yes
configure:3123: checking for sw_vers
configure:3153: result: no
configure:3270: checking for gfortran
configure:3286: found /usr/bin/gfortran
configure:3297: result: gfortran
configure:3323: checking for Fortran compiler version
configure:3332: gfortran --version >&5
GNU Fortran (SUSE Linux) 12.3.0
Copyright (C) 2022 Free Software Foundation, Inc.
This is free software; see the source for copying conditions.  There is NO
warranty; not even for MERCHANTABILITY or FITNESS FOR A PARTICULAR PURPOSE.

configure:3343: $? = 0
configure:3332: gfortran -v >&5
Using built-in specs.
COLLECT_GCC=gfortran
COLLECT_LTO_WRAPPER=/usr/lib64/gcc/x86_64-suse-linux/12/lto-wrapper
OFFLOAD_TARGET_NAMES=nvptx-none
OFFLOAD_TARGET_DEFAULT=1
Target: x86_64-suse-linux
Configured with: ../configure --prefix=/usr --infodir=/usr/share/info --mandir=/usr/share/man --libdir=/usr/lib64 --libexecdir=/usr/lib64 --enable-languages=c,c++,objc,fortran,obj-c++,ada,go,d --enable-offload-targets=nvptx-none, --enable-offload-defaulted --without-cuda-driver --enable-checking=release --disable-werror --with-gxx-include-dir=/usr/include/c++/12 --enable-ssp --disable-libssp --disable-libvtv --enable-cet=auto --disable-libcc1 --disable-plugin --with-bugurl=https://bugs.opensuse.org/ --with-pkgversion='SUSE Linux' --with-slibdir=/lib64 --with-system-zlib --enable-libstdcxx-allocator=new --disable-libstdcxx-pch --enable-libphobos --enable-version-specific-runtime-libs --with-gcc-major-version-only --enable-linker-build-id --enable-linux-futex --enable-gnu-indirect-function --program-suffix=-12 --without-system-libunwind --enable-multilib --with-arch-32=x86-64 --with-tune=generic --enable-link-serialization --build=x86_64-suse-linux --host=x86_64-suse-linux
Thread model: posix
Supported LTO compression algorithms: zlib
gcc version 12.3.0 (SUSE Linux) 
... rest of stderr output deleted ...
configure:3343: $? = 0
configure:3332: gfortran -V >&5
gfortran: error: unrecognized command-line option '-V'
gfortran: fatal error: no input files
compilation terminated.
configure:3343: $? = 1
configure:3332: gfortran -qversion >&5
gfortran: error: unrecognized command-line option '-qversion'; did you mean '--version'?
gfortran: fatal error: no input files
compilation terminated.
configure:3343: $? = 1
configure:3358: checking whether the Fortran compiler works
configure:3380: gfortran -O2   conftest.f  >&5
configure:3384: $? = 0
configure:3432: result: yes
configure:3435: checking for Fortran compiler default output file name
configure:3437: result: a.out
configure:3443: checking for suffix of executables
configure:3450: gfortran -o conftest -O2   conftest.f  >&5
configure:3454: $? = 0
configure:3476: result: 
configure:3492: checking whether we are cross compiling
configure:3500: gfortran -o conftest -O2   conftest.f  >&5
configure:3504: $? = 0
configure:3511: ./conftest
configure:3515: $? = 0
configure:3530: result: no
configure:3535: checking for suffix of object files
configure:3551: gfortran -c -O2  conftest.f >&5
configure:3555: $? = 0
configure:3576: result: o
configure:3584: checking whether we are using the GNU Fortran compiler
configure:3597: gfortran -c -O2  conftest.F >&5
configure:3597: $? = 0
configure:3606: result: yes
configure:3612: checking whether gfortran accepts -g
configure:3623: gfortran -c -g  conftest.f >&5
configure:3623: $? = 0
configure:3631: result: yes
configure:3665: checking build system type
configure:3679: result: x86_64-unknown-linux-gnu
configure:3699: checking host system type
configure:3712: result: x86_64-unknown-linux-gnu
configure:3737: checking how to get verbose linking output from gfortran
configure:3747: gfortran -c -O2  conftest.f >&5
configure:3747: $? = 0
configure:3765: gfortran -o conftest -O2 -v conftest.f
Using built-in specs.
Target: x86_64-suse-linux
Thread model: posix
Supported LTO compression algorithms: zlib
gcc version 12.3.0 (SUSE Linux) 
 /usr/lib64/gcc/x86_64-suse-linux/12/f951 conftest.f -ffixed-form -quiet -dumpbase conftest.f -dumpbase-ext .f -mtune=generic -march=x86-64 -O2 -version -fintrinsic-modules-path /usr/lib64/gcc/x86_64-suse-linux/12/finclude -fpre-include=/usr/include/finclude/math-vector-fortran.h -o /tmp/cct6QQql.s
GNU Fortran (SUSE Linux) version 12.3.0 (x86_64-suse-linux)
	compiled by GNU C version 12.3.0, GMP version 6.1.2, MPFR version 4.0.2-p6, MPC version 1.1.0, isl version isl-0.18-GMP

GGC heuristics: --param ggc-min-expand=100 --param ggc-min-heapsize=131072
GNU Fortran2008 (SUSE Linux) version 12.3.0 (x86_64-suse-linux)
	compiled by GNU C version 12.3.0, GMP version 6.1.2, MPFR version 4.0.2-p6, MPC version 1.1.0, isl version isl-0.18-GMP

GGC heuristics: --param ggc-min-expand=100 --param ggc-min-heapsize=131072
 /usr/lib64/gcc/x86_64-suse-linux/12/../../../../x86_64-suse-linux/bin/as -v --64 -o /tmp/ccZMNQAl.o /tmp/cct6QQql.s
GNU assembler version 2.41.0 (x86_64-suse-linux) using BFD version (GNU Binutils; SUSE Linux Enterprise 15) 2.41.0.20230908-150100.7.46
Reading specs from /usr/lib64/gcc/x86_64-suse-linux/12/libgfortran.spec
rename spec lib to liborig
 /usr/lib64/gcc/x86_64-suse-linux/12/collect2 -plugin /usr/lib64/gcc/x86_64-suse-linux/12/liblto_plugin.so -plugin-opt=/usr/lib64/gcc/x86_64-suse-linux/12/lto-wrapper -plugin-opt=-fresolution=/tmp/ccoaCKei.res -plugin-opt=-pass-through=-lgcc_s -plugin-opt=-pass-through=-lgcc -plugin-opt=-pass-through=-lquadmath -plugin-opt=-pass-through=-lm -plugin-opt=-pass-through=-lgcc_s -plugin-opt=-pass-through=-lgcc -plugin-opt=-pass-through=-lc -plugin-opt=-pass-through=-lgcc_s -plugin-opt=-pass-through=-lgcc --build-id --eh-frame-hdr -m elf_x86_64 -dynamic-linker /lib64/ld-linux-x86-64.so.2 -o conftest /usr/lib64/gcc/x86_64-suse-linux/12/../../../../lib64/crt1.o /usr/lib64/gcc/x86_64-suse-linux/12/../../../../lib64/crti.o /usr/lib64/gcc/x86_64-suse-linux/12/crtbegin.o -L/usr/lib64/gcc/x86_64-suse-linux/12 -L/usr/lib64/gcc/x86_64-suse-linux/12/../../../../lib64 -L/lib/../lib64 -L/usr/lib/../lib64 -L/usr/lib64/gcc/x86_64-suse-linux/12/../../../../x86_64-suse-linux/lib -L/usr/lib64/gcc/x86_64-suse-linux/12/../../.. /tmp/ccZMNQAl.o -lgfortran -lm -lgcc_s -lgcc -lquadmath -lm -lgcc_s -lgcc -lc -lgcc_s -lgcc /usr/lib64/gcc/x86_64-suse-linux/12/crtend.o /usr/lib64/gcc/x86_64-suse-linux/12/../../../../lib64/crtn.o
configure:3848: result: -v
configure:3850: checking for Fortran libraries of gfortran
configure:3873: gfortran -o conftest -O2 -v conftest.f
Using built-in specs.
Target: x86_64-suse-linux
Thread model: posix
Supported LTO compression algorithms: zlib
gcc version 12.3.0 (SUSE Linux) 
 /usr/lib64/gcc/x86_64-suse-linux/12/f951 conftest.f -ffixed-form -quiet -dumpbase conftest.f -dumpbase-ext .f -mtune=generic -march=x86-64 -O2 -version -fintrinsic-modules-path /usr/lib64/gcc/x86_64-suse-linux/12/finclude -fpre-include=/usr/include/finclude/math-vector-fortran.h -o /tmp/ccljaMup.s
GNU Fortran (SUSE Linux) version 12.3.0 (x86_64-suse-linux)
	compiled by GNU C version 12.3.0, GMP version 6.1.2, MPFR version 4.0.2-p6, MPC version 1.1.0, isl version isl-0.18-GMP

GGC heuristics: --param ggc-min-expand=100 --param ggc-min-heapsize=131072
GNU Fortran2008 (SUSE Linux) version 12.3.0 (x86_64-suse-linux)
	compiled by GNU C version 12.3.0, GMP version 6.1.2, MPFR version 4.0.2-p6, MPC version 1.1.0, isl version isl-0.18-GMP

GGC heuristics: --param ggc-min-expand=100 --param ggc-min-heapsize=131072
 /usr/lib64/gcc/x86_64-suse-linux/12/../../../../x86_64-suse-linux/bin/as -v --64 -o /tmp/ccG9NPns.o /tmp/ccljaMup.s
GNU assembler version 2.41.0 (x86_64-suse-linux) using BFD version (GNU Binutils; SUSE Linux Enterprise 15) 2.41.0.20230908-150100.7.46
Reading specs from /usr/lib64/gcc/x86_64-suse-linux/12/libgfortran.spec
rename spec lib to liborig
 /usr/lib64/gcc/x86_64-suse-linux/12/collect2 -plugin /usr/lib64/gcc/x86_64-suse-linux/12/liblto_plugin.so -plugin-opt=/usr/lib64/gcc/x86_64-suse-linux/12/lto-wrapper -plugin-opt=-fresolution=/tmp/ccraZjkr.res -plugin-opt=-pass-through=-lgcc_s -plugin-opt=-pass-through=-lgcc -plugin-opt=-pass-through=-lquadmath -plugin-opt=-pass-through=-lm -plugin-opt=-pass-through=-lgcc_s -plugin-opt=-pass-through=-lgcc -plugin-opt=-pass-through=-lc -plugin-opt=-pass-through=-lgcc_s -plugin-opt=-pass-through=-lgcc --build-id --eh-frame-hdr -m elf_x86_64 -dynamic-linker /lib64/ld-linux-x86-64.so.2 -o conftest /usr/lib64/gcc/x86_64-suse-linux/12/../../../../lib64/crt1.o /usr/lib64/gcc/x86_64-suse-linux/12/../../../../lib64/crti.o /usr/lib64/gcc/x86_64-suse-linux/12/crtbegin.o -L/usr/lib64/gcc/x86_64-suse-linux/12 -L/usr/lib64/gcc/x86_64-suse-linux/12/../../../../lib64 -L/lib/../lib64 -L/usr/lib/../lib64 -L/usr/lib64/gcc/x86_64-suse-linux/12/../../../../x86_64-suse-linux/lib -L/usr/lib64/gcc/x86_64-suse-linux/12/../../.. /tmp/ccG9NPns.o -lgfortran -lm -lgcc_s -lgcc -lquadmath -lm -lgcc_s -lgcc -lc -lgcc_s -lgcc /usr/lib64/gcc/x86_64-suse-linux/12/crtend.o /usr/lib64/gcc/x86_64-suse-linux/12/../../../../lib64/crtn.o
configure:4069: result:  -L/usr/lib64/gcc/x86_64-suse-linux/12 -L/usr/lib64/gcc/x86_64-suse-linux/12/../../../../lib64 -L/lib/../lib64 -L/usr/lib/../lib64 -L/usr/lib64/gcc/x86_64-suse-linux/12/../../../../x86_64-suse-linux/lib -L/usr/lib64/gcc/x86_64-suse-linux/12/../../.. -lgfortran -lm -lquadmath
configure:4092: checking for style of include used by make
configure:4120: result: GNU
configure:4190: checking for gcc
configure:4206: found /usr/bin/gcc
configure:4217: result: gcc
configure:4446: checking for C compiler version
configure:4455: gcc --version >&5
gcc (SUSE Linux) 12.3.0
Copyright (C) 2022 Free Software Foundation, Inc.
This is free software; see the source for copying conditions.  There is NO
warranty; not even for MERCHANTABILITY or FITNESS FOR A PARTICULAR PURPOSE.

configure:4466: $? = 0
configure:4455: gcc -v >&5
Using built-in specs.
COLLECT_GCC=gcc
COLLECT_LTO_WRAPPER=/usr/lib64/gcc/x86_64-suse-linux/12/lto-wrapper
OFFLOAD_TARGET_NAMES=nvptx-none
OFFLOAD_TARGET_DEFAULT=1
Target: x86_64-suse-linux
Configured with: ../configure --prefix=/usr --infodir=/usr/share/info --mandir=/usr/share/man --libdir=/usr/lib64 --libexecdir=/usr/lib64 --enable-languages=c,c++,objc,fortran,obj-c++,ada,go,d --enable-offload-targets=nvptx-none, --enable-offload-defaulted --without-cuda-driver --enable-checking=release --disable-werror --with-gxx-include-dir=/usr/include/c++/12 --enable-ssp --disable-libssp --disable-libvtv --enable-cet=auto --disable-libcc1 --disable-plugin --with-bugurl=https://bugs.opensuse.org/ --with-pkgversion='SUSE Linux' --with-slibdir=/lib64 --with-system-zlib --enable-libstdcxx-allocator=new --disable-libstdcxx-pch --enable-libphobos --enable-version-specific-runtime-libs --with-gcc-major-version-only --enable-linker-build-id --enable-linux-futex --enable-gnu-indirect-function --program-suffix=-12 --without-system-libunwind --enable-multilib --with-arch-32=x86-64 --with-tune=generic --enable-link-serialization --build=x86_64-suse-linux --host=x86_64-suse-linux
Thread model: posix
Supported LTO compression algorithms: zlib
gcc version 12.3.0 (SUSE Linux) 
... rest of stderr output deleted ...
configure:4466: $? = 0
configure:4455: gcc -V >&5
gcc: error: unrecognized command-line option '-V'
gcc: fatal error: no input files
compilation terminated.
configure:4466: $? = 1
configure:4455: gcc -qversion >&5
gcc: error: unrecognized command-line option '-qversion'; did you mean '--version'?
gcc: fatal error: no input files
compilation terminated.
configure:4466: $? = 1
configure:4470: checking whether we are using the GNU C compiler
configure:4497: gcc -c   conftest.c >&5
configure:4497: $? = 0
configure:4506: result: yes
configure:4515: checking whether gcc accepts -g
configure:4543: gcc -c -g  conftest.c >&5
configure:4543: $? = 0
configure:4600: result: yes
configure:4617: checking for gcc option to accept ISO C89
configure:4688: gcc  -c -g -O2  conftest.c >&5
configure:4688: $? = 0
configure:4701: result: none needed
configure:4723: checking dependency style of gcc
configure:4814: result: gcc3
configure:4835: checking for dummy main to link with Fortran libraries
configure:4869: gcc -o conftest -g -O2   conftest.c   -L/usr/lib64/gcc/x86_64-suse-linux/12 -L/usr/lib64/gcc/x86_64-suse-linux/12/../../../../lib64 -L/lib/../lib64 -L/usr/lib/../lib64 -L/usr/lib64/gcc/x86_64-suse-linux/12/../../../../x86_64-suse-linux/lib -L/usr/lib64/gcc/x86_64-suse-linux/12/../../.. -lgfortran -lm -lquadmath >&5
configure:4869: $? = 0
configure:4914: result: none
configure:4947: checking for Fortran name-mangling scheme
configure:4960: gfortran -c -O2  conftest.f >&5
configure:4960: $? = 0
configure:5001: gcc -o conftest -g -O2   conftest.c cfortran_test.o   -L/usr/lib64/gcc/x86_64-suse-linux/12 -L/usr/lib64/gcc/x86_64-suse-linux/12/../../../../lib64 -L/lib/../lib64 -L/usr/lib/../lib64 -L/usr/lib64/gcc/x86_64-suse-linux/12/../../../../x86_64-suse-linux/lib -L/usr/lib64/gcc/x86_64-suse-linux/12/../../.. -lgfortran -lm -lquadmath >&5
/usr/lib64/gcc/x86_64-suse-linux/12/../../../../x86_64-suse-linux/bin/ld: /tmp/ccu2SCUI.o: in function `main':
/global/homes/s/singhm/MARTINI/lhapdf-5.9.1/conftest.c:31:(.text.startup+0x7): undefined reference to `foobar'
collect2: error: ld returned 1 exit status
configure:5001: $? = 1
configure: failed program was:
| /* confdefs.h */
| #define PACKAGE_NAME "LHAPDF"
| #define PACKAGE_TARNAME "lhapdf"
| #define PACKAGE_VERSION "5.9.1"
| #define PACKAGE_STRING "LHAPDF 5.9.1"
| #define PACKAGE_BUGREPORT "lhapdf@projects.hepforge.org"
| #define PACKAGE_URL ""
| #define PACKAGE "lhapdf"
| #define VERSION "5.9.1"
| #define LHAPDF_VERSION "5.9.1"
| /* end confdefs.h.  */
| 
| /* Override any GCC internal prototype to avoid an error.
|    Use char because int might match the return type of a GCC
|    builtin and then its argument prototype would still apply.  */
| #ifdef __cplusplus
| extern "C"
| #endif
| char foobar ();
| #ifdef FC_DUMMY_MAIN
| #ifndef FC_DUMMY_MAIN_EQ_F77
| #  ifdef __cplusplus
|      extern "C"
| #  endif
|    int FC_DUMMY_MAIN() { return 1; }
| #endif
| #endif
| int
| main ()
| {
| return foobar ();
|   ;
|   return 0;
| }
configure:5001: gcc -o conftest -g -O2   conftest.c cfortran_test.o   -L/usr/lib64/gcc/x86_64-suse-linux/12 -L/usr/lib64/gcc/x86_64-suse-linux/12/../../../../lib64 -L/lib/../lib64 -L/usr/lib/../lib64 -L/usr/lib64/gcc/x86_64-suse-linux/12/../../../../x86_64-suse-linux/lib -L/usr/lib64/gcc/x86_64-suse-linux/12/../../.. -lgfortran -lm -lquadmath >&5
configure:5001: $? = 0
configure:5059: gcc -o conftest -g -O2   conftest.c cfortran_test.o   -L/usr/lib64/gcc/x86_64-suse-linux/12 -L/usr/lib64/gcc/x86_64-suse-linux/12/../../../../lib64 -L/lib/../lib64 -L/usr/lib/../lib64 -L/usr/lib64/gcc/x86_64-suse-linux/12/../../../../x86_64-suse-linux/lib -L/usr/lib64/gcc/x86_64-suse-linux/12/../../.. -lgfortran -lm -lquadmath >&5
configure:5059: $? = 0
configure:5101: result: lower case, underscore, no extra underscore
configure:5171: checking for Fortran flag needed to accept free-form source
configure:5190: gfortran -c -O2  conftest.f >&5
conftest.f:2:4:

    2 |   program freeform
      |    1
Error: Non-numeric character in statement label at (1)
conftest.f:4:27:

    4 |        print *, 'Hello ', &
      |                           1
Error: Expected expression in PRINT statement at (1)
conftest.f:5:12:

    5 |           'world.'
      |            1
Error: Invalid character in name at (1)
configure:5190: $? = 1
configure: failed program was:
| 
|   program freeform
|        ! FIXME: how to best confuse non-freeform compilers?
|        print *, 'Hello ', &
|           'world.'
|        end
configure:5190: gfortran -c -O2 -ffree-form  conftest.f >&5
configure:5190: $? = 0
configure:5199: result: -ffree-form
configure:5277: checking for g++
configure:5293: found /usr/bin/g++
configure:5304: result: g++
configure:5331: checking for C++ compiler version
configure:5340: g++ --version >&5
g++ (SUSE Linux) 12.3.0
Copyright (C) 2022 Free Software Foundation, Inc.
This is free software; see the source for copying conditions.  There is NO
warranty; not even for MERCHANTABILITY or FITNESS FOR A PARTICULAR PURPOSE.

configure:5351: $? = 0
configure:5340: g++ -v >&5
Using built-in specs.
COLLECT_GCC=g++
COLLECT_LTO_WRAPPER=/usr/lib64/gcc/x86_64-suse-linux/12/lto-wrapper
OFFLOAD_TARGET_NAMES=nvptx-none
OFFLOAD_TARGET_DEFAULT=1
Target: x86_64-suse-linux
Configured with: ../configure --prefix=/usr --infodir=/usr/share/info --mandir=/usr/share/man --libdir=/usr/lib64 --libexecdir=/usr/lib64 --enable-languages=c,c++,objc,fortran,obj-c++,ada,go,d --enable-offload-targets=nvptx-none, --enable-offload-defaulted --without-cuda-driver --enable-checking=release --disable-werror --with-gxx-include-dir=/usr/include/c++/12 --enable-ssp --disable-libssp --disable-libvtv --enable-cet=auto --disable-libcc1 --disable-plugin --with-bugurl=https://bugs.opensuse.org/ --with-pkgversion='SUSE Linux' --with-slibdir=/lib64 --with-system-zlib --enable-libstdcxx-allocator=new --disable-libstdcxx-pch --enable-libphobos --enable-version-specific-runtime-libs --with-gcc-major-version-only --enable-linker-build-id --enable-linux-futex --enable-gnu-indirect-function --program-suffix=-12 --without-system-libunwind --enable-multilib --with-arch-32=x86-64 --with-tune=generic --enable-link-serialization --build=x86_64-suse-linux --host=x86_64-suse-linux
Thread model: posix
Supported LTO compression algorithms: zlib
gcc version 12.3.0 (SUSE Linux) 
... rest of stderr output deleted ...
configure:5351: $? = 0
configure:5340: g++ -V >&5
g++: error: unrecognized command-line option '-V'
g++: fatal error: no input files
compilation terminated.
configure:5351: $? = 1
configure:5340: g++ -qversion >&5
g++: error: unrecognized command-line option '-qversion'; did you mean '--version'?
g++: fatal error: no input files
compilation terminated.
configure:5351: $? = 1
configure:5355: checking whether we are using the GNU C++ compiler
configure:5382: g++ -c   conftest.cpp >&5
configure:5382: $? = 0
configure:5391: result: yes
configure:5400: checking whether g++ accepts -g
configure:5428: g++ -c -g  conftest.cpp >&5
configure:5428: $? = 0
configure:5485: result: yes
configure:5510: checking dependency style of g++
configure:5601: result: gcc3
configure:5664: checking for gcc
configure:5691: result: gcc
configure:5920: checking for C compiler version
configure:5929: gcc --version >&5
gcc (SUSE Linux) 12.3.0
Copyright (C) 2022 Free Software Foundation, Inc.
This is free software; see the source for copying conditions.  There is NO
warranty; not even for MERCHANTABILITY or FITNESS FOR A PARTICULAR PURPOSE.

configure:5940: $? = 0
configure:5929: gcc -v >&5
Using built-in specs.
COLLECT_GCC=gcc
COLLECT_LTO_WRAPPER=/usr/lib64/gcc/x86_64-suse-linux/12/lto-wrapper
OFFLOAD_TARGET_NAMES=nvptx-none
OFFLOAD_TARGET_DEFAULT=1
Target: x86_64-suse-linux
Configured with: ../configure --prefix=/usr --infodir=/usr/share/info --mandir=/usr/share/man --libdir=/usr/lib64 --libexecdir=/usr/lib64 --enable-languages=c,c++,objc,fortran,obj-c++,ada,go,d --enable-offload-targets=nvptx-none, --enable-offload-defaulted --without-cuda-driver --enable-checking=release --disable-werror --with-gxx-include-dir=/usr/include/c++/12 --enable-ssp --disable-libssp --disable-libvtv --enable-cet=auto --disable-libcc1 --disable-plugin --with-bugurl=https://bugs.opensuse.org/ --with-pkgversion='SUSE Linux' --with-slibdir=/lib64 --with-system-zlib --enable-libstdcxx-allocator=new --disable-libstdcxx-pch --enable-libphobos --enable-version-specific-runtime-libs --with-gcc-major-version-only --enable-linker-build-id --enable-linux-futex --enable-gnu-indirect-function --program-suffix=-12 --without-system-libunwind --enable-multilib --with-arch-32=x86-64 --with-tune=generic --enable-link-serialization --build=x86_64-suse-linux --host=x86_64-suse-linux
Thread model: posix
Supported LTO compression algorithms: zlib
gcc version 12.3.0 (SUSE Linux) 
... rest of stderr output deleted ...
configure:5940: $? = 0
configure:5929: gcc -V >&5
gcc: error: unrecognized command-line option '-V'
gcc: fatal error: no input files
compilation terminated.
configure:5940: $? = 1
configure:5929: gcc -qversion >&5
gcc: error: unrecognized command-line option '-qversion'; did you mean '--version'?
gcc: fatal error: no input files
compilation terminated.
configure:5940: $? = 1
configure:5944: checking whether we are using the GNU C compiler
configure:5980: result: yes
configure:5989: checking whether gcc accepts -g
configure:6074: result: yes
configure:6091: checking for gcc option to accept ISO C89
configure:6175: result: none needed
configure:6197: checking dependency style of gcc
configure:6288: result: gcc3
configure:6304: checking whether ln -s works
configure:6308: result: yes
configure:6339: checking for /proc/self/maps
configure:6352: result: yes
configure:6358: checking whether everything is installed to the same prefix
configure:6374: result: no
configure:6377: checking whether binary relocation support should be enabled
configure:6395: result: no
configure:6533: checking for a sed that does not truncate output
configure:6597: result: /usr/bin/sed
configure:6615: checking for grep that handles long lines and -e
configure:6673: result: /usr/bin/grep
configure:6678: checking for egrep
configure:6740: result: /usr/bin/grep -E
configure:6745: checking for fgrep
configure:6807: result: /usr/bin/grep -F
configure:6842: checking for ld used by gcc
configure:6909: result: /usr/x86_64-suse-linux/bin/ld
configure:6916: checking if the linker (/usr/x86_64-suse-linux/bin/ld) is GNU ld
configure:6931: result: yes
configure:6943: checking for BSD- or MS-compatible name lister (nm)
configure:6992: result: /usr/bin/nm -B
configure:7110: checking the name lister (/usr/bin/nm -B) interface
configure:7117: g++ -c -g -O2  conftest.cpp >&5
configure:7120: /usr/bin/nm -B "conftest.o"
configure:7123: output
0000000000000000 B some_variable
configure:7130: result: BSD nm
configure:7134: checking the maximum length of command line arguments
configure:7254: result: 1572864
configure:7271: checking whether the shell understands some XSI constructs
configure:7281: result: yes
configure:7285: checking whether the shell understands "+="
configure:7291: result: yes
configure:7326: checking for /usr/x86_64-suse-linux/bin/ld option to reload object files
configure:7333: result: -r
configure:7402: checking for objdump
configure:7418: found /usr/bin/objdump
configure:7429: result: objdump
configure:7461: checking how to recognize dependent libraries
configure:7657: result: pass_all
configure:7717: checking for ar
configure:7733: found /usr/bin/ar
configure:7744: result: ar
configure:7822: checking for strip
configure:7838: found /usr/bin/strip
configure:7849: result: strip
configure:7921: checking for ranlib
configure:7937: found /usr/bin/ranlib
configure:7948: result: ranlib
configure:8038: checking command to parse /usr/bin/nm -B output from gcc object
configure:8156: g++ -c -g -O2  conftest.cpp >&5
configure:8159: $? = 0
configure:8163: /usr/bin/nm -B conftest.o \| sed -n -e 's/^.*[	 ]\([ABCDGIRSTW][ABCDGIRSTW]*\)[	 ][	 ]*\([_A-Za-z][_A-Za-z0-9]*\)$/\1 \2 \2/p' \> conftest.nm
configure:8166: $? = 0
configure:8220: g++ -o conftest -g -O2   conftest.cpp conftstm.o >&5
configure:8223: $? = 0
configure:8261: result: ok
configure:8356: g++ -c -g -O2  conftest.cpp >&5
configure:8359: $? = 0
configure:9085: checking how to run the C preprocessor
configure:9116: gcc -E  conftest.c
configure:9116: $? = 0
configure:9130: gcc -E  conftest.c
conftest.c:14:10: fatal error: ac_nonexistent.h: No such file or directory
   14 | #include <ac_nonexistent.h>
      |          ^~~~~~~~~~~~~~~~~~
compilation terminated.
configure:9130: $? = 1
configure: failed program was:
| /* confdefs.h */
| #define PACKAGE_NAME "LHAPDF"
| #define PACKAGE_TARNAME "lhapdf"
| #define PACKAGE_VERSION "5.9.1"
| #define PACKAGE_STRING "LHAPDF 5.9.1"
| #define PACKAGE_BUGREPORT "lhapdf@projects.hepforge.org"
| #define PACKAGE_URL ""
| #define PACKAGE "lhapdf"
| #define VERSION "5.9.1"
| #define LHAPDF_VERSION "5.9.1"
| #define FC_FUNC(name,NAME) name ## _
| #define FC_FUNC_(name,NAME) name ## _
| /* end confdefs.h.  */
| #include <ac_nonexistent.h>
configure:9155: result: gcc -E
configure:9175: gcc -E  conftest.c
configure:9175: $? = 0
configure:9189: gcc -E  conftest.c
conftest.c:14:10: fatal error: ac_nonexistent.h: No such file or directory
   14 | #include <ac_nonexistent.h>
      |          ^~~~~~~~~~~~~~~~~~
compilation terminated.
configure:9189: $? = 1
configure: failed program was:
| /* confdefs.h */
| #define PACKAGE_NAME "LHAPDF"
| #define PACKAGE_TARNAME "lhapdf"
| #define PACKAGE_VERSION "5.9.1"
| #define PACKAGE_STRING "LHAPDF 5.9.1"
| #define PACKAGE_BUGREPORT "lhapdf@projects.hepforge.org"
| #define PACKAGE_URL ""
| #define PACKAGE "lhapdf"
| #define VERSION "5.9.1"
| #define LHAPDF_VERSION "5.9.1"
| #define FC_FUNC(name,NAME) name ## _
| #define FC_FUNC_(name,NAME) name ## _
| /* end confdefs.h.  */
| #include <ac_nonexistent.h>
configure:9218: checking for ANSI C header files
configure:9246: gcc -c -g -O2  conftest.c >&5
configure:9246: $? = 0
configure:9319: gcc -o conftest -g -O2   conftest.c  >&5
configure:9319: $? = 0
configure:9319: ./conftest
configure:9319: $? = 0
configure:9330: result: yes
configure:9343: checking for sys/types.h
configure:9343: gcc -c -g -O2  conftest.c >&5
configure:9343: $? = 0
configure:9343: result: yes
configure:9343: checking for sys/stat.h
configure:9343: gcc -c -g -O2  conftest.c >&5
configure:9343: $? = 0
configure:9343: result: yes
configure:9343: checking for stdlib.h
configure:9343: gcc -c -g -O2  conftest.c >&5
configure:9343: $? = 0
configure:9343: result: yes
configure:9343: checking for string.h
configure:9343: gcc -c -g -O2  conftest.c >&5
configure:9343: $? = 0
configure:9343: result: yes
configure:9343: checking for memory.h
configure:9343: gcc -c -g -O2  conftest.c >&5
configure:9343: $? = 0
configure:9343: result: yes
configure:9343: checking for strings.h
configure:9343: gcc -c -g -O2  conftest.c >&5
configure:9343: $? = 0
configure:9343: result: yes
configure:9343: checking for inttypes.h
configure:9343: gcc -c -g -O2  conftest.c >&5
configure:9343: $? = 0
configure:9343: result: yes
configure:9343: checking for stdint.h
configure:9343: gcc -c -g -O2  conftest.c >&5
configure:9343: $? = 0
configure:9343: result: yes
configure:9343: checking for unistd.h
configure:9343: gcc -c -g -O2  conftest.c >&5
configure:9343: $? = 0
configure:9343: result: yes
configure:9357: checking for dlfcn.h
configure:9357: gcc -c -g -O2  conftest.c >&5
configure:9357: $? = 0
configure:9357: result: yes
configure:9482: checking for C++ compiler version
configure:9491: g++ --version >&5
g++ (SUSE Linux) 12.3.0
Copyright (C) 2022 Free Software Foundation, Inc.
This is free software; see the source for copying conditions.  There is NO
warranty; not even for MERCHANTABILITY or FITNESS FOR A PARTICULAR PURPOSE.

configure:9502: $? = 0
configure:9491: g++ -v >&5
Using built-in specs.
COLLECT_GCC=g++
COLLECT_LTO_WRAPPER=/usr/lib64/gcc/x86_64-suse-linux/12/lto-wrapper
OFFLOAD_TARGET_NAMES=nvptx-none
OFFLOAD_TARGET_DEFAULT=1
Target: x86_64-suse-linux
Configured with: ../configure --prefix=/usr --infodir=/usr/share/info --mandir=/usr/share/man --libdir=/usr/lib64 --libexecdir=/usr/lib64 --enable-languages=c,c++,objc,fortran,obj-c++,ada,go,d --enable-offload-targets=nvptx-none, --enable-offload-defaulted --without-cuda-driver --enable-checking=release --disable-werror --with-gxx-include-dir=/usr/include/c++/12 --enable-ssp --disable-libssp --disable-libvtv --enable-cet=auto --disable-libcc1 --disable-plugin --with-bugurl=https://bugs.opensuse.org/ --with-pkgversion='SUSE Linux' --with-slibdir=/lib64 --with-system-zlib --enable-libstdcxx-allocator=new --disable-libstdcxx-pch --enable-libphobos --enable-version-specific-runtime-libs --with-gcc-major-version-only --enable-linker-build-id --enable-linux-futex --enable-gnu-indirect-function --program-suffix=-12 --without-system-libunwind --enable-multilib --with-arch-32=x86-64 --with-tune=generic --enable-link-serialization --build=x86_64-suse-linux --host=x86_64-suse-linux
Thread model: posix
Supported LTO compression algorithms: zlib
gcc version 12.3.0 (SUSE Linux) 
... rest of stderr output deleted ...
configure:9502: $? = 0
configure:9491: g++ -V >&5
g++: error: unrecognized command-line option '-V'
g++: fatal error: no input files
compilation terminated.
configure:9502: $? = 1
configure:9491: g++ -qversion >&5
g++: error: unrecognized command-line option '-qversion'; did you mean '--version'?
g++: fatal error: no input files
compilation terminated.
configure:9502: $? = 1
configure:9506: checking whether we are using the GNU C++ compiler
configure:9542: result: yes
configure:9551: checking whether g++ accepts -g
configure:9636: result: yes
configure:9661: checking dependency style of g++
configure:9752: result: gcc3
configure:9775: checking how to run the C++ preprocessor
configure:9802: g++ -E  conftest.cpp
configure:9802: $? = 0
configure:9816: g++ -E  conftest.cpp
conftest.cpp:25:10: fatal error: ac_nonexistent.h: No such file or directory
   25 | #include <ac_nonexistent.h>
      |          ^~~~~~~~~~~~~~~~~~
compilation terminated.
configure:9816: $? = 1
configure: failed program was:
| /* confdefs.h */
| #define PACKAGE_NAME "LHAPDF"
| #define PACKAGE_TARNAME "lhapdf"
| #define PACKAGE_VERSION "5.9.1"
| #define PACKAGE_STRING "LHAPDF 5.9.1"
| #define PACKAGE_BUGREPORT "lhapdf@projects.hepforge.org"
| #define PACKAGE_URL ""
| #define PACKAGE "lhapdf"
| #define VERSION "5.9.1"
| #define LHAPDF_VERSION "5.9.1"
| #define FC_FUNC(name,NAME) name ## _
| #define FC_FUNC_(name,NAME) name ## _
| #define STDC_HEADERS 1
| #define HAVE_SYS_TYPES_H 1
| #define HAVE_SYS_STAT_H 1
| #define HAVE_STDLIB_H 1
| #define HAVE_STRING_H 1
| #define HAVE_MEMORY_H 1
| #define HAVE_STRINGS_H 1
| #define HAVE_INTTYPES_H 1
| #define HAVE_STDINT_H 1
| #define HAVE_UNISTD_H 1
| #define HAVE_DLFCN_H 1
| /* end confdefs.h.  */
| #include <ac_nonexistent.h>
configure:9841: result: g++ -E
configure:9861: g++ -E  conftest.cpp
configure:9861: $? = 0
configure:9875: g++ -E  conftest.cpp
conftest.cpp:25:10: fatal error: ac_nonexistent.h: No such file or directory
   25 | #include <ac_nonexistent.h>
      |          ^~~~~~~~~~~~~~~~~~
compilation terminated.
configure:9875: $? = 1
configure: failed program was:
| /* confdefs.h */
| #define PACKAGE_NAME "LHAPDF"
| #define PACKAGE_TARNAME "lhapdf"
| #define PACKAGE_VERSION "5.9.1"
| #define PACKAGE_STRING "LHAPDF 5.9.1"
| #define PACKAGE_BUGREPORT "lhapdf@projects.hepforge.org"
| #define PACKAGE_URL ""
| #define PACKAGE "lhapdf"
| #define VERSION "5.9.1"
| #define LHAPDF_VERSION "5.9.1"
| #define FC_FUNC(name,NAME) name ## _
| #define FC_FUNC_(name,NAME) name ## _
| #define STDC_HEADERS 1
| #define HAVE_SYS_TYPES_H 1
| #define HAVE_SYS_STAT_H 1
| #define HAVE_STDLIB_H 1
| #define HAVE_STRING_H 1
| #define HAVE_MEMORY_H 1
| #define HAVE_STRINGS_H 1
| #define HAVE_INTTYPES_H 1
| #define HAVE_STDINT_H 1
| #define HAVE_UNISTD_H 1
| #define HAVE_DLFCN_H 1
| /* end confdefs.h.  */
| #include <ac_nonexistent.h>
configure:10015: checking for Fortran compiler version
configure:10024: gfortran --version >&5
GNU Fortran (SUSE Linux) 12.3.0
Copyright (C) 2022 Free Software Foundation, Inc.
This is free software; see the source for copying conditions.  There is NO
warranty; not even for MERCHANTABILITY or FITNESS FOR A PARTICULAR PURPOSE.

configure:10035: $? = 0
configure:10024: gfortran -v >&5
Using built-in specs.
COLLECT_GCC=gfortran
COLLECT_LTO_WRAPPER=/usr/lib64/gcc/x86_64-suse-linux/12/lto-wrapper
OFFLOAD_TARGET_NAMES=nvptx-none
OFFLOAD_TARGET_DEFAULT=1
Target: x86_64-suse-linux
Configured with: ../configure --prefix=/usr --infodir=/usr/share/info --mandir=/usr/share/man --libdir=/usr/lib64 --libexecdir=/usr/lib64 --enable-languages=c,c++,objc,fortran,obj-c++,ada,go,d --enable-offload-targets=nvptx-none, --enable-offload-defaulted --without-cuda-driver --enable-checking=release --disable-werror --with-gxx-include-dir=/usr/include/c++/12 --enable-ssp --disable-libssp --disable-libvtv --enable-cet=auto --disable-libcc1 --disable-plugin --with-bugurl=https://bugs.opensuse.org/ --with-pkgversion='SUSE Linux' --with-slibdir=/lib64 --with-system-zlib --enable-libstdcxx-allocator=new --disable-libstdcxx-pch --enable-libphobos --enable-version-specific-runtime-libs --with-gcc-major-version-only --enable-linker-build-id --enable-linux-futex --enable-gnu-indirect-function --program-suffix=-12 --without-system-libunwind --enable-multilib --with-arch-32=x86-64 --with-tune=generic --enable-link-serialization --build=x86_64-suse-linux --host=x86_64-suse-linux
Thread model: posix
Supported LTO compression algorithms: zlib
gcc version 12.3.0 (SUSE Linux) 
... rest of stderr output deleted ...
configure:10035: $? = 0
configure:10024: gfortran -V >&5
gfortran: error: unrecognized command-line option '-V'
gfortran: fatal error: no input files
compilation terminated.
configure:10035: $? = 1
configure:10024: gfortran -qversion >&5
gfortran: error: unrecognized command-line option '-qversion'; did you mean '--version'?
gfortran: fatal error: no input files
compilation terminated.
configure:10035: $? = 1
configure:10044: checking whether we are using the GNU Fortran compiler
configure:10066: result: yes
configure:10072: checking whether gfortran accepts -g
configure:10091: result: yes
configure:10296: checking for objdir
configure:10311: result: .libs
configure:10607: checking if gcc supports -fno-rtti -fno-exceptions
configure:10625: gcc -c -g -O2  -fno-rtti -fno-exceptions conftest.c >&5
cc1: warning: command-line option '-fno-rtti' is valid for C++/D/ObjC++ but not for C
configure:10629: $? = 0
configure:10642: result: no
configure:10662: checking for gcc option to produce PIC
configure:10934: result: -fPIC -DPIC
configure:10946: checking if gcc PIC flag -fPIC -DPIC works
configure:10964: gcc -c -g -O2  -fPIC -DPIC -DPIC conftest.c >&5
configure:10968: $? = 0
configure:10981: result: yes
configure:11005: checking if gcc static flag -static works
configure:11033: result: yes
configure:11048: checking if gcc supports -c -o file.o
configure:11069: gcc -c -g -O2  -o out/conftest2.o conftest.c >&5
configure:11073: $? = 0
configure:11095: result: yes
configure:11103: checking if gcc supports -c -o file.o
configure:11150: result: yes
configure:11183: checking whether the gcc linker (/usr/x86_64-suse-linux/bin/ld -m elf_x86_64) supports shared libraries
configure:12185: result: yes
configure:12222: checking whether -lc should be explicitly linked in
configure:12227: gcc -c -g -O2  conftest.c >&5
configure:12230: $? = 0
configure:12245: gcc -shared conftest.o  -v -Wl,-soname -Wl,conftest -o conftest 2\>\&1 \| /usr/bin/grep  -lc  \>/dev/null 2\>\&1
configure:12248: $? = 0
configure:12260: result: no
configure:12424: checking dynamic linker characteristics
configure:12865: gcc -o conftest -g -O2   -Wl,-rpath -Wl,/foo conftest.c  >&5
configure:12865: $? = 0
configure:13083: result: GNU/Linux ld.so
configure:13185: checking how to hardcode library paths into programs
configure:13210: result: immediate
configure:13312: checking for shl_load
configure:13312: gcc -o conftest -g -O2   conftest.c  >&5
/usr/lib64/gcc/x86_64-suse-linux/12/../../../../x86_64-suse-linux/bin/ld: /tmp/cc7FbkjD.o: in function `main':
/global/homes/s/singhm/MARTINI/lhapdf-5.9.1/conftest.c:68:(.text.startup+0x7): undefined reference to `shl_load'
collect2: error: ld returned 1 exit status
configure:13312: $? = 1
configure: failed program was:
| /* confdefs.h */
| #define PACKAGE_NAME "LHAPDF"
| #define PACKAGE_TARNAME "lhapdf"
| #define PACKAGE_VERSION "5.9.1"
| #define PACKAGE_STRING "LHAPDF 5.9.1"
| #define PACKAGE_BUGREPORT "lhapdf@projects.hepforge.org"
| #define PACKAGE_URL ""
| #define PACKAGE "lhapdf"
| #define VERSION "5.9.1"
| #define LHAPDF_VERSION "5.9.1"
| #define FC_FUNC(name,NAME) name ## _
| #define FC_FUNC_(name,NAME) name ## _
| #define STDC_HEADERS 1
| #define HAVE_SYS_TYPES_H 1
| #define HAVE_SYS_STAT_H 1
| #define HAVE_STDLIB_H 1
| #define HAVE_STRING_H 1
| #define HAVE_MEMORY_H 1
| #define HAVE_STRINGS_H 1
| #define HAVE_INTTYPES_H 1
| #define HAVE_STDINT_H 1
| #define HAVE_UNISTD_H 1
| #define HAVE_DLFCN_H 1
| #define LT_OBJDIR ".libs/"
| /* end confdefs.h.  */
| /* Define shl_load to an innocuous variant, in case <limits.h> declares shl_load.
|    For example, HP-UX 11i <limits.h> declares gettimeofday.  */
| #define shl_load innocuous_shl_load
| 
| /* System header to define __stub macros and hopefully few prototypes,
|     which can conflict with char shl_load (); below.
|     Prefer <limits.h> to <assert.h> if __STDC__ is defined, since
|     <limits.h> exists even on freestanding compilers.  */
| 
| #ifdef __STDC__
| # include <limits.h>
| #else
| # include <assert.h>
| #endif
| 
| #undef shl_load
| 
| /* Override any GCC internal prototype to avoid an error.
|    Use char because int might match the return type of a GCC
|    builtin and then its argument prototype would still apply.  */
| #ifdef __cplusplus
| extern "C"
| #endif
| char shl_load ();
| /* The GNU C library defines this for functions which it implements
|     to always fail with ENOSYS.  Some functions are actually named
|     something starting with __ and the normal name is an alias.  */
| #if defined __stub_shl_load || defined __stub___shl_load
| choke me
| #endif
| 
| #ifdef FC_DUMMY_MAIN
| #ifndef FC_DUMMY_MAIN_EQ_F77
| #  ifdef __cplusplus
|      extern "C"
| #  endif
|    int FC_DUMMY_MAIN() { return 1; }
| #endif
| #endif
| int
| main ()
| {
| return shl_load ();
|   ;
|   return 0;
| }
configure:13312: result: no
configure:13316: checking for shl_load in -ldld
configure:13349: gcc -o conftest -g -O2   conftest.c -ldld   >&5
/usr/lib64/gcc/x86_64-suse-linux/12/../../../../x86_64-suse-linux/bin/ld: cannot find -ldld: No such file or directory
collect2: error: ld returned 1 exit status
configure:13349: $? = 1
configure: failed program was:
| /* confdefs.h */
| #define PACKAGE_NAME "LHAPDF"
| #define PACKAGE_TARNAME "lhapdf"
| #define PACKAGE_VERSION "5.9.1"
| #define PACKAGE_STRING "LHAPDF 5.9.1"
| #define PACKAGE_BUGREPORT "lhapdf@projects.hepforge.org"
| #define PACKAGE_URL ""
| #define PACKAGE "lhapdf"
| #define VERSION "5.9.1"
| #define LHAPDF_VERSION "5.9.1"
| #define FC_FUNC(name,NAME) name ## _
| #define FC_FUNC_(name,NAME) name ## _
| #define STDC_HEADERS 1
| #define HAVE_SYS_TYPES_H 1
| #define HAVE_SYS_STAT_H 1
| #define HAVE_STDLIB_H 1
| #define HAVE_STRING_H 1
| #define HAVE_MEMORY_H 1
| #define HAVE_STRINGS_H 1
| #define HAVE_INTTYPES_H 1
| #define HAVE_STDINT_H 1
| #define HAVE_UNISTD_H 1
| #define HAVE_DLFCN_H 1
| #define LT_OBJDIR ".libs/"
| /* end confdefs.h.  */
| 
| /* Override any GCC internal prototype to avoid an error.
|    Use char because int might match the return type of a GCC
|    builtin and then its argument prototype would still apply.  */
| #ifdef __cplusplus
| extern "C"
| #endif
| char shl_load ();
| #ifdef FC_DUMMY_MAIN
| #ifndef FC_DUMMY_MAIN_EQ_F77
| #  ifdef __cplusplus
|      extern "C"
| #  endif
|    int FC_DUMMY_MAIN() { return 1; }
| #endif
| #endif
| int
| main ()
| {
| return shl_load ();
|   ;
|   return 0;
| }
configure:13358: result: no
configure:13363: checking for dlopen
configure:13363: gcc -o conftest -g -O2   conftest.c  >&5
/usr/lib64/gcc/x86_64-suse-linux/12/../../../../x86_64-suse-linux/bin/ld: /tmp/ccRSX9Yr.o: in function `main':
/global/homes/s/singhm/MARTINI/lhapdf-5.9.1/conftest.c:68:(.text.startup+0x7): undefined reference to `dlopen'
collect2: error: ld returned 1 exit status
configure:13363: $? = 1
configure: failed program was:
| /* confdefs.h */
| #define PACKAGE_NAME "LHAPDF"
| #define PACKAGE_TARNAME "lhapdf"
| #define PACKAGE_VERSION "5.9.1"
| #define PACKAGE_STRING "LHAPDF 5.9.1"
| #define PACKAGE_BUGREPORT "lhapdf@projects.hepforge.org"
| #define PACKAGE_URL ""
| #define PACKAGE "lhapdf"
| #define VERSION "5.9.1"
| #define LHAPDF_VERSION "5.9.1"
| #define FC_FUNC(name,NAME) name ## _
| #define FC_FUNC_(name,NAME) name ## _
| #define STDC_HEADERS 1
| #define HAVE_SYS_TYPES_H 1
| #define HAVE_SYS_STAT_H 1
| #define HAVE_STDLIB_H 1
| #define HAVE_STRING_H 1
| #define HAVE_MEMORY_H 1
| #define HAVE_STRINGS_H 1
| #define HAVE_INTTYPES_H 1
| #define HAVE_STDINT_H 1
| #define HAVE_UNISTD_H 1
| #define HAVE_DLFCN_H 1
| #define LT_OBJDIR ".libs/"
| /* end confdefs.h.  */
| /* Define dlopen to an innocuous variant, in case <limits.h> declares dlopen.
|    For example, HP-UX 11i <limits.h> declares gettimeofday.  */
| #define dlopen innocuous_dlopen
| 
| /* System header to define __stub macros and hopefully few prototypes,
|     which can conflict with char dlopen (); below.
|     Prefer <limits.h> to <assert.h> if __STDC__ is defined, since
|     <limits.h> exists even on freestanding compilers.  */
| 
| #ifdef __STDC__
| # include <limits.h>
| #else
| # include <assert.h>
| #endif
| 
| #undef dlopen
| 
| /* Override any GCC internal prototype to avoid an error.
|    Use char because int might match the return type of a GCC
|    builtin and then its argument prototype would still apply.  */
| #ifdef __cplusplus
| extern "C"
| #endif
| char dlopen ();
| /* The GNU C library defines this for functions which it implements
|     to always fail with ENOSYS.  Some functions are actually named
|     something starting with __ and the normal name is an alias.  */
| #if defined __stub_dlopen || defined __stub___dlopen
| choke me
| #endif
| 
| #ifdef FC_DUMMY_MAIN
| #ifndef FC_DUMMY_MAIN_EQ_F77
| #  ifdef __cplusplus
|      extern "C"
| #  endif
|    int FC_DUMMY_MAIN() { return 1; }
| #endif
| #endif
| int
| main ()
| {
| return dlopen ();
|   ;
|   return 0;
| }
configure:13363: result: no
configure:13367: checking for dlopen in -ldl
configure:13400: gcc -o conftest -g -O2   conftest.c -ldl   >&5
configure:13400: $? = 0
configure:13409: result: yes
configure:13544: checking whether a program can dlopen itself
configure:13614: gcc -o conftest -g -O2  -DHAVE_DLFCN_H  -Wl,--export-dynamic conftest.c -ldl  >&5
configure:13617: $? = 0
configure:13635: result: yes
configure:13640: checking whether a statically linked program can dlopen itself
configure:13710: gcc -o conftest -g -O2  -DHAVE_DLFCN_H  -Wl,--export-dynamic -static conftest.c -ldl  >&5
/usr/lib64/gcc/x86_64-suse-linux/12/../../../../x86_64-suse-linux/bin/ld: /tmp/cc74SBZZ.o: in function `main':
/global/homes/s/singhm/MARTINI/lhapdf-5.9.1/configure:13694:(.text.startup+0x9): warning: Using 'dlopen' in statically linked applications requires at runtime the shared libraries from the glibc version used for linking
configure:13713: $? = 0
configure:13731: result: no
configure:13770: checking whether stripping libraries is possible
configure:13775: result: yes
configure:13810: checking if libtool supports shared libraries
configure:13812: result: yes
configure:13815: checking whether to build shared libraries
configure:13836: result: yes
configure:13839: checking whether to build static libraries
configure:13843: result: yes
configure:13993: checking for ld used by g++
configure:14060: result: /usr/x86_64-suse-linux/bin/ld -m elf_x86_64
configure:14067: checking if the linker (/usr/x86_64-suse-linux/bin/ld -m elf_x86_64) is GNU ld
configure:14082: result: yes
configure:14137: checking whether the g++ linker (/usr/x86_64-suse-linux/bin/ld -m elf_x86_64) supports shared libraries
configure:15066: result: yes
configure:15094: g++ -c -g -O2  conftest.cpp >&5
configure:15097: $? = 0
configure:15279: checking for g++ option to produce PIC
configure:15596: result: -fPIC -DPIC
configure:15605: checking if g++ PIC flag -fPIC -DPIC works
configure:15623: g++ -c -g -O2  -fPIC -DPIC -DPIC conftest.cpp >&5
configure:15627: $? = 0
configure:15640: result: yes
configure:15661: checking if g++ static flag -static works
configure:15689: result: yes
configure:15701: checking if g++ supports -c -o file.o
configure:15722: g++ -c -g -O2  -o out/conftest2.o conftest.cpp >&5
configure:15726: $? = 0
configure:15748: result: yes
configure:15753: checking if g++ supports -c -o file.o
configure:15800: result: yes
configure:15830: checking whether the g++ linker (/usr/x86_64-suse-linux/bin/ld -m elf_x86_64) supports shared libraries
configure:15856: result: yes
configure:15993: checking dynamic linker characteristics
configure:16382: g++ -o conftest -g -O2   -Wl,-rpath -Wl,/foo conftest.cpp  >&5
configure:16382: $? = 0
configure:16600: result: GNU/Linux ld.so
configure:16651: checking how to hardcode library paths into programs
configure:16676: result: immediate
configure:16821: checking if libtool supports shared libraries
configure:16823: result: yes
configure:16826: checking whether to build shared libraries
configure:16846: result: yes
configure:16849: checking whether to build static libraries
configure:16853: result: yes
configure:16879: gfortran -c -O2 -ffree-form  conftest.f >&5
configure:16882: $? = 0
configure:16992: checking for gfortran option to produce PIC
configure:17264: result: -fPIC
configure:17273: checking if gfortran PIC flag -fPIC works
configure:17291: gfortran -c -O2 -ffree-form -fPIC  conftest.f >&5
configure:17295: $? = 0
configure:17308: result: yes
configure:17329: checking if gfortran static flag -static works
configure:17357: result: yes
configure:17369: checking if gfortran supports -c -o file.o
configure:17390: gfortran -c -O2 -ffree-form -o out/conftest2.o  conftest.f >&5
configure:17394: $? = 0
configure:17416: result: yes
configure:17421: checking if gfortran supports -c -o file.o
configure:17468: result: yes
configure:17498: checking whether the gfortran linker (/usr/x86_64-suse-linux/bin/ld -m elf_x86_64) supports shared libraries
configure:18471: result: yes
configure:18608: checking dynamic linker characteristics
configure:18983: gfortran -o conftest -O2 -ffree-form  -Wl,-rpath -Wl,/foo  conftest.f  >&5
configure:18983: $? = 0
configure:19201: result: GNU/Linux ld.so
configure:19252: checking how to hardcode library paths into programs
configure:19277: result: immediate
configure:19326: checking for pdf sets to include
configure:19342: result: all
configure:19575: Number of concurrent PDF set arrays allocated = 3
configure:19608: Building LHAGLUE wrappers
configure:19633: Building C++ wrapper
configure:19665: Not building deprecated C++ wrapper library... good for you.
configure:19693: checking for doxygen
configure:19711: found /usr/bin/doxygen
configure:19723: result: /usr/bin/doxygen
configure:19772: checking for python
configure:19790: found /usr/bin/python
configure:19802: result: /usr/bin/python
configure:19830: checking whether /usr/bin/python version >= 2.3
configure:19863: result: yes
configure:19875: checking for Python include path
configure:19878: result: /usr/include/python2.7
configure:19886: WARNING: Can't build Python extension since header file /usr/include/python2.7/Python.h cannot be found
configure:19974: checking for octave
configure:20007: result: no
configure:20014: checking for mkoctfile
configure:20047: result: no
configure:20064: checking if the target platform is Windows
configure:20068: result: no
configure:20092: checking if the g++ compiler accepts the -pedantic flag
configure:20115: result: yes
configure:20138: checking if the g++ compiler accepts the -ansi flag
configure:20161: result: yes
configure:20184: checking if the g++ compiler accepts the -Wall flag
configure:20207: result: yes
configure:20231: checking if the gfortran compiler accepts the -pedantic flag
configure:20240: result: no
configure:20262: checking if the gfortran compiler accepts the -Wall flag
configure:20271: result: no
configure:20293: checking if the gfortran compiler accepts the -ffree-form flag
configure:20302: result: yes
configure:20607: creating ./config.status

## ---------------- ##
## Cache variables. ##
## ---------------- ##

ac_cv_build=x86_64-unknown-linux-gnu
ac_cv_c_compiler_gnu=yes
ac_cv_cxx_compiler_gnu=yes
ac_cv_env_CCC_set=
ac_cv_env_CCC_value=
ac_cv_env_CC_set=
ac_cv_env_CC_value=
ac_cv_env_CFLAGS_set=
ac_cv_env_CFLAGS_value=
ac_cv_env_CPPFLAGS_set=
ac_cv_env_CPPFLAGS_value=
ac_cv_env_CPP_set=
ac_cv_env_CPP_value=
ac_cv_env_CXXCPP_set=
ac_cv_env_CXXCPP_value=
ac_cv_env_CXXFLAGS_set=
ac_cv_env_CXXFLAGS_value=
ac_cv_env_CXX_set=
ac_cv_env_CXX_value=
ac_cv_env_FCFLAGS_set=
ac_cv_env_FCFLAGS_value=
ac_cv_env_FC_set=
ac_cv_env_FC_value=
ac_cv_env_LDFLAGS_set=
ac_cv_env_LDFLAGS_value=
ac_cv_env_LIBS_set=
ac_cv_env_LIBS_value=
ac_cv_env_PYTHON_set=
ac_cv_env_PYTHON_value=
ac_cv_env_build_alias_set=
ac_cv_env_build_alias_value=
ac_cv_env_host_alias_set=
ac_cv_env_host_alias_value=
ac_cv_env_target_alias_set=
ac_cv_env_target_alias_value=
ac_cv_fc_compiler_gnu=yes
ac_cv_fc_dummy_main=none
ac_cv_fc_freeform=-ffree-form
ac_cv_fc_libs=' -L/usr/lib64/gcc/x86_64-suse-linux/12 -L/usr/lib64/gcc/x86_64-suse-linux/12/../../../../lib64 -L/lib/../lib64 -L/usr/lib/../lib64 -L/usr/lib64/gcc/x86_64-suse-linux/12/../../../../x86_64-suse-linux/lib -L/usr/lib64/gcc/x86_64-suse-linux/12/../../.. -lgfortran -lm -lquadmath'
ac_cv_fc_mangling='lower case, underscore, no extra underscore'
ac_cv_file__proc_self_maps=yes
ac_cv_fortran_dummy_main=none
ac_cv_func_dlopen=no
ac_cv_func_shl_load=no
ac_cv_header_dlfcn_h=yes
ac_cv_header_inttypes_h=yes
ac_cv_header_memory_h=yes
ac_cv_header_stdc=yes
ac_cv_header_stdint_h=yes
ac_cv_header_stdlib_h=yes
ac_cv_header_string_h=yes
ac_cv_header_strings_h=yes
ac_cv_header_sys_stat_h=yes
ac_cv_header_sys_types_h=yes
ac_cv_header_unistd_h=yes
ac_cv_host=x86_64-unknown-linux-gnu
ac_cv_lib_dl_dlopen=yes
ac_cv_lib_dld_shl_load=no
ac_cv_objext=o
ac_cv_path_DOXYGEN=/usr/bin/doxygen
ac_cv_path_EGREP='/usr/bin/grep -E'
ac_cv_path_FGREP='/usr/bin/grep -F'
ac_cv_path_GREP=/usr/bin/grep
ac_cv_path_PYTHON=/usr/bin/python
ac_cv_path_SED=/usr/bin/sed
ac_cv_path_install='/usr/bin/install -c'
ac_cv_path_mkdir=/usr/bin/mkdir
ac_cv_prog_AWK=gawk
ac_cv_prog_CPP='gcc -E'
ac_cv_prog_CXXCPP='g++ -E'
ac_cv_prog_ac_ct_AR=ar
ac_cv_prog_ac_ct_CC=gcc
ac_cv_prog_ac_ct_CXX=g++
ac_cv_prog_ac_ct_FC=gfortran
ac_cv_prog_ac_ct_OBJDUMP=objdump
ac_cv_prog_ac_ct_RANLIB=ranlib
ac_cv_prog_ac_ct_STRIP=strip
ac_cv_prog_cc_c89=
ac_cv_prog_cc_g=yes
ac_cv_prog_cxx_g=yes
ac_cv_prog_fc_g=yes
ac_cv_prog_fc_v=-v
ac_cv_prog_make_make_set=yes
am_cv_CC_dependencies_compiler_type=gcc3
am_cv_CXX_dependencies_compiler_type=gcc3
br_cv_binreloc=no
br_cv_valid_prefixes=no
lt_cv_deplibs_check_method=pass_all
lt_cv_dlopen=dlopen
lt_cv_dlopen_libs=-ldl
lt_cv_dlopen_self=yes
lt_cv_dlopen_self_static=no
lt_cv_file_magic_cmd='$MAGIC_CMD'
lt_cv_file_magic_test_file=
lt_cv_ld_reload_flag=-r
lt_cv_nm_interface='BSD nm'
lt_cv_objdir=.libs
lt_cv_path_LD=/usr/x86_64-suse-linux/bin/ld
lt_cv_path_LDCXX='/usr/x86_64-suse-linux/bin/ld -m elf_x86_64'
lt_cv_path_NM='/usr/bin/nm -B'
lt_cv_prog_compiler_c_o=yes
lt_cv_prog_compiler_c_o_CXX=yes
lt_cv_prog_compiler_c_o_FC=yes
lt_cv_prog_compiler_pic_works=yes
lt_cv_prog_compiler_pic_works_CXX=yes
lt_cv_prog_compiler_pic_works_FC=yes
lt_cv_prog_compiler_rtti_exceptions=no
lt_cv_prog_compiler_static_works=yes
lt_cv_prog_compiler_static_works_CXX=yes
lt_cv_prog_compiler_static_works_FC=yes
lt_cv_prog_gnu_ld=yes
lt_cv_prog_gnu_ldcxx=yes
lt_cv_sys_global_symbol_pipe='sed -n -e '\''s/^.*[	 ]\([ABCDGIRSTW][ABCDGIRSTW]*\)[	 ][	 ]*\([_A-Za-z][_A-Za-z0-9]*\)$/\1 \2 \2/p'\'''
lt_cv_sys_global_symbol_to_c_name_address='sed -n -e '\''s/^: \([^ ]*\) $/  {\"\1\", (void *) 0},/p'\'' -e '\''s/^[ABCDGIRSTW]* \([^ ]*\) \([^ ]*\)$/  {"\2", (void *) \&\2},/p'\'''
lt_cv_sys_global_symbol_to_c_name_address_lib_prefix='sed -n -e '\''s/^: \([^ ]*\) $/  {\"\1\", (void *) 0},/p'\'' -e '\''s/^[ABCDGIRSTW]* \([^ ]*\) \(lib[^ ]*\)$/  {"\2", (void *) \&\2},/p'\'' -e '\''s/^[ABCDGIRSTW]* \([^ ]*\) \([^ ]*\)$/  {"lib\2", (void *) \&\2},/p'\'''
lt_cv_sys_global_symbol_to_cdecl='sed -n -e '\''s/^T .* \(.*\)$/extern int \1();/p'\'' -e '\''s/^[ABCDGIRSTW]* .* \(.*\)$/extern char \1;/p'\'''
lt_cv_sys_max_cmd_len=1572864

## ----------------- ##
## Output variables. ##
## ----------------- ##

ACLOCAL='${SHELL} /global/homes/s/singhm/MARTINI/lhapdf-5.9.1/config/missing --run aclocal-1.10'
AMDEPBACKSLASH='\'
AMDEP_FALSE='#'
AMDEP_TRUE=''
AMTAR='${SHELL} /global/homes/s/singhm/MARTINI/lhapdf-5.9.1/config/missing --run tar'
AM_CPPFLAGS=' -I$(top_srcdir)/include -I$(top_builddir)/include -DDEFAULTPREFIXPATH=\"NONE\" -DDEFAULTLHAPATH=\"${datarootdir}\" '
AM_CXXFLAGS=' -pedantic  -ansi  -Wall '
AM_FCFLAGS=' -ffree-form '
AM_FFLAGS=' -ffree-form '
AR='ar'
AUTOCONF='${SHELL} /global/homes/s/singhm/MARTINI/lhapdf-5.9.1/config/missing --run autoconf'
AUTOHEADER='${SHELL} /global/homes/s/singhm/MARTINI/lhapdf-5.9.1/config/missing --run autoheader'
AUTOMAKE='${SHELL} /global/homes/s/singhm/MARTINI/lhapdf-5.9.1/config/missing --run automake-1.10'
AWK='gawk'
BINRELOC_CFLAGS=''
BINRELOC_LIBS=''
CC='gcc'
CCDEPMODE='depmode=gcc3'
CFLAGS='-g -O2'
CPP='gcc -E'
CPPFLAGS=''
CXX='g++'
CXXCPP='g++ -E'
CXXDEPMODE='depmode=gcc3'
CXXFLAGS='-g -O2'
CYGPATH_W='echo'
DEFS='-DHAVE_CONFIG_H'
DEPDIR='.deps'
DOXYGEN='/usr/bin/doxygen'
DSYMUTIL=''
DUMPBIN=''
ECHO_C=''
ECHO_N='-n'
ECHO_T=''
EGREP='/usr/bin/grep -E'
ENABLE_CCWRAP_FALSE='#'
ENABLE_CCWRAP_TRUE=''
ENABLE_LHAGLUE_FALSE='#'
ENABLE_LHAGLUE_TRUE=''
ENABLE_LOWMEM_FALSE=''
ENABLE_LOWMEM_TRUE='#'
ENABLE_OLDCCWRAP_FALSE=''
ENABLE_OLDCCWRAP_TRUE='#'
ENABLE_PYEXT_FALSE=''
ENABLE_PYEXT_TRUE='#'
EXEEXT=''
F77='gfortran'
FC='gfortran'
FCFLAGS='-O2 -ffree-form'
FCLIBS=' -L/usr/lib64/gcc/x86_64-suse-linux/12 -L/usr/lib64/gcc/x86_64-suse-linux/12/../../../../lib64 -L/lib/../lib64 -L/usr/lib/../lib64 -L/usr/lib64/gcc/x86_64-suse-linux/12/../../../../x86_64-suse-linux/lib -L/usr/lib64/gcc/x86_64-suse-linux/12/../../.. -lgfortran -lm -lquadmath'
FFLAGS=' -O2 -ffree-form'
FGREP='/usr/bin/grep -F'
GREP='/usr/bin/grep'
INSTALL_DATA='${INSTALL} -m 644'
INSTALL_PROGRAM='${INSTALL}'
INSTALL_SCRIPT='${INSTALL}'
INSTALL_STRIP_PROGRAM='$(install_sh) -c -s'
LD='/usr/x86_64-suse-linux/bin/ld -m elf_x86_64'
LDFLAGS=''
LIBOBJS=''
LIBS=''
LIBTOOL='$(SHELL) $(top_builddir)/libtool'
LIPO=''
LN_S='ln -s'
LTLIBOBJS=''
MAKEINFO='${SHELL} /global/homes/s/singhm/MARTINI/lhapdf-5.9.1/config/missing --run makeinfo'
MKDIR_P='/usr/bin/mkdir -p'
MKOCTFILE=''
NM='/usr/bin/nm -B'
NMEDIT=''
NMXSET='3'
OBJDUMP='objdump'
OBJEXT='o'
OCTAVE=''
OTOOL64=''
OTOOL=''
PACKAGE='lhapdf'
PACKAGE_BUGREPORT='lhapdf@projects.hepforge.org'
PACKAGE_NAME='LHAPDF'
PACKAGE_STRING='LHAPDF 5.9.1'
PACKAGE_TARNAME='lhapdf'
PACKAGE_URL=''
PACKAGE_VERSION='5.9.1'
PATH_SEPARATOR=':'
PYTHON='/usr/bin/python'
PYTHON_USE_FALSE='#'
PYTHON_USE_TRUE=''
RANLIB='ranlib'
SED='/usr/bin/sed'
SET_MAKE=''
SHELL='/bin/sh'
STRIP='strip'
SWIG=''
SWVERS=''
USING_WIN32_FALSE=''
USING_WIN32_TRUE='#'
VERSION='5.9.1'
VERSIONFLAGS='-version-info 1:6:5'
WANT_ALEKHIN_FALSE='#'
WANT_ALEKHIN_TRUE=''
WANT_ALL_FALSE='#'
WANT_ALL_TRUE=''
WANT_BOTJE_FALSE='#'
WANT_BOTJE_TRUE=''
WANT_CTEQ_FALSE='#'
WANT_CTEQ_TRUE=''
WANT_FERMI_FALSE='#'
WANT_FERMI_TRUE=''
WANT_GJR_FALSE='#'
WANT_GJR_TRUE=''
WANT_GRV_FALSE='#'
WANT_GRV_TRUE=''
WANT_H1_FALSE='#'
WANT_H1_TRUE=''
WANT_HERA_FALSE='#'
WANT_HERA_TRUE=''
WANT_HKN_FALSE='#'
WANT_HKN_TRUE=''
WANT_MRST06_FALSE='#'
WANT_MRST06_TRUE=''
WANT_MRST98_FALSE='#'
WANT_MRST98_TRUE=''
WANT_MRSTQED_FALSE='#'
WANT_MRSTQED_TRUE=''
WANT_MRST_FALSE='#'
WANT_MRST_TRUE=''
WANT_MSTW_FALSE='#'
WANT_MSTW_TRUE=''
WANT_NNPDF_FALSE='#'
WANT_NNPDF_TRUE=''
WANT_PHOTONS_FALSE='#'
WANT_PHOTONS_TRUE=''
WANT_PIONS_FALSE='#'
WANT_PIONS_TRUE=''
WANT_QCDNUM_FALSE='#'
WANT_QCDNUM_TRUE=''
WANT_USER_FALSE='#'
WANT_USER_TRUE=''
WANT_ZEUS_FALSE='#'
WANT_ZEUS_TRUE=''
WITH_DOXYGEN_FALSE='#'
WITH_DOXYGEN_TRUE=''
WITH_OCTAVE_FALSE=''
WITH_OCTAVE_TRUE='#'
WITH_OSX_FALSE=''
WITH_OSX_TRUE='#'
ac_ct_CC='gcc'
ac_ct_CXX='g++'
ac_ct_DUMPBIN=''
ac_ct_FC='gfortran'
am__fastdepCC_FALSE='#'
am__fastdepCC_TRUE=''
am__fastdepCXX_FALSE='#'
am__fastdepCXX_TRUE=''
am__include='include'
am__isrc=''
am__leading_dot='.'
am__quote=''
am__tar='${AMTAR} chof - "$$tardir"'
am__untar='${AMTAR} xf -'
bindir='${exec_prefix}/bin'
build='x86_64-unknown-linux-gnu'
build_alias=''
build_cpu='x86_64'
build_os='linux-gnu'
build_vendor='unknown'
datadir='${datarootdir}'
datarootdir='${prefix}/share'
docdir='${datarootdir}/doc/${PACKAGE_TARNAME}'
dvidir='${docdir}'
exec_prefix='${prefix}'
host='x86_64-unknown-linux-gnu'
host_alias=''
host_cpu='x86_64'
host_os='linux-gnu'
host_vendor='unknown'
htmldir='${docdir}'
includedir='${prefix}/include'
infodir='${datarootdir}/info'
install_sh='$(SHELL) /global/homes/s/singhm/MARTINI/lhapdf-5.9.1/config/install-sh'
libdir='${exec_prefix}/lib'
libexecdir='${exec_prefix}/libexec'
localedir='${datarootdir}/locale'
localstatedir='${prefix}/var'
lt_ECHO='echo'
mandir='${datarootdir}/man'
mkdir_p='/usr/bin/mkdir -p'
oldincludedir='/usr/include'
pdfdir='${docdir}'
prefix='/usr/local'
program_transform_name='s,x,x,'
psdir='${docdir}'
sbindir='${exec_prefix}/sbin'
sharedstatedir='${prefix}/com'
sysconfdir='${prefix}/etc'
target_alias=''

## ----------- ##
## confdefs.h. ##
## ----------- ##

/* confdefs.h */
#define PACKAGE_NAME "LHAPDF"
#define PACKAGE_TARNAME "lhapdf"
#define PACKAGE_VERSION "5.9.1"
#define PACKAGE_STRING "LHAPDF 5.9.1"
#define PACKAGE_BUGREPORT "lhapdf@projects.hepforge.org"
#define PACKAGE_URL ""
#define PACKAGE "lhapdf"
#define VERSION "5.9.1"
#define LHAPDF_VERSION "5.9.1"
#define FC_FUNC(name,NAME) name ## _
#define FC_FUNC_(name,NAME) name ## _
#define STDC_HEADERS 1
#define HAVE_SYS_TYPES_H 1
#define HAVE_SYS_STAT_H 1
#define HAVE_STDLIB_H 1
#define HAVE_STRING_H 1
#define HAVE_MEMORY_H 1
#define HAVE_STRINGS_H 1
#define HAVE_INTTYPES_H 1
#define HAVE_STDINT_H 1
#define HAVE_UNISTD_H 1
#define HAVE_DLFCN_H 1
#define LT_OBJDIR ".libs/"
#define LHAPDF_NMXSET "3"

configure: exit 0

## ---------------------- ##
## Running config.status. ##
## ---------------------- ##

This file was extended by LHAPDF config.status 5.9.1, which was
generated by GNU Autoconf 2.69.  Invocation command line was

  CONFIG_FILES    = 
  CONFIG_HEADERS  = 
  CONFIG_LINKS    = 
  CONFIG_COMMANDS = 
  $ ./config.status 

on login03

config.status:1275: creating Makefile
config.status:1275: creating src/Makefile
config.status:1275: creating src/parmsetup.inc
config.status:1275: creating include/Makefile
config.status:1275: creating include/LHAPDF/Makefile
config.status:1275: creating ccwrap/Makefile
config.status:1275: creating lib/Makefile
config.status:1275: creating examples/Makefile
config.status:1275: creating pyext/Makefile
config.status:1275: creating pyext/setup.py
config.status:1275: creating octave/Makefile
config.status:1275: creating bin/Makefile
config.status:1275: creating bin/lhapdf-config
config.status:1275: creating tests/Makefile
config.status:1275: creating config/config.h
config.status:1456: config/config.h is unchanged
config.status:1275: creating include/LHAPDF/FortranWrappers.h
config.status:1456: include/LHAPDF/FortranWrappers.h is unchanged
config.status:1275: creating include/LHAPDF/LHAPDFConfig.h
config.status:1456: include/LHAPDF/LHAPDFConfig.h is unchanged
config.status:1504: executing depfiles commands
config.status:1504: executing libtool commands

## ---------------------- ##
## Running config.status. ##
## ---------------------- ##

This file was extended by LHAPDF config.status 5.9.1, which was
generated by GNU Autoconf 2.69.  Invocation command line was

  CONFIG_FILES    = 
  CONFIG_HEADERS  = 
  CONFIG_LINKS    = 
  CONFIG_COMMANDS = 
  $ ./config.status include/LHAPDF/FortranWrappers.h

on login33

config.status:1275: creating include/LHAPDF/FortranWrappers.h
config.status:1456: include/LHAPDF/FortranWrappers.h is unchanged
